1625427623993	geckodriver	INFO	Listening on 127.0.0.1:36637
1625427624001	mozrunner::runner	INFO	Running command: "/usr/bin/firefox" "--marionette" "-foreground" "-no-remote" "-profile" "/tmp/rust_mozprofileQQDY4B"
1625427624895	Marionette	INFO	Marionette enabled
[GFX1-]: Failed GL context creation for WebRender: 0
[GFX1-]: FEATURE_FAILURE_WEBRENDER_INITIALIZE_UNSPECIFIED
[GFX1-]: Failed to connect WebRenderBridgeChild.
[GFX1-]: Fallback WR to SW-WR
console.warn: SearchSettings: "get: No settings file exists, new profile?" (new NotFoundError("Could not open the file at /tmp/rust_mozprofileQQDY4B/search.json.mozlz4", (void 0)))
1625427629667	Marionette	INFO	Listening on port 44549
1625427629756	Marionette	WARN	TLS certificate errors will be ignored for this session
console.log: WebExtensions: reset-default-search: starting.
console.log: WebExtensions: reset-default-search: No addons in our list are installed.
JavaScript error: resource://gre/modules/XULStore.jsm, line 66: Error: Can't find profile directory.
JavaScript error: resource://gre/modules/XULStore.jsm, line 66: Error: Can't find profile directory.
JavaScript error: , line 0: SyntaxError: Server is busy, please try to request a moment later
JavaScript error: , line 0: SyntaxError: Server is busy, please try to request a moment later
JavaScript error: , line 0: SyntaxError: Server is busy, please try to request a moment later
JavaScript error: , line 0: SyntaxError: Server is busy, please try to request a moment later
JavaScript error: , line 0: SyntaxError: Server is busy, please try to request a moment later
JavaScript error: , line 0: SyntaxError: Server is busy, please try to request a moment later
JavaScript error: , line 0: SyntaxError: Server is busy, please try to request a moment later
JavaScript error: , line 0: SyntaxError: Server is busy, please try to request a moment later
JavaScript error: , line 0: SyntaxError: Server is busy, please try to request a moment later
JavaScript error: , line 0: SyntaxError: Server is busy, please try to request a moment later
1625465460448	Marionette	INFO	Stopped listening on port 44549

###!!! [Parent][RunMessage] Error: Channel closing: too late to send/recv, messages will be lost

1625469527913	geckodriver	INFO	Listening on 127.0.0.1:40967
1625469527920	mozrunner::runner	INFO	Running command: "/usr/bin/firefox" "--marionette" "-foreground" "-no-remote" "-profile" "/tmp/rust_mozprofilepEOPE4"
1625469529269	Marionette	INFO	Marionette enabled
[GFX1-]: Failed GL context creation for WebRender: 0
[GFX1-]: FEATURE_FAILURE_WEBRENDER_INITIALIZE_UNSPECIFIED
[GFX1-]: Failed to connect WebRenderBridgeChild.
[GFX1-]: Fallback WR to SW-WR
console.warn: SearchSettings: "get: No settings file exists, new profile?" (new NotFoundError("Could not open the file at /tmp/rust_mozprofilepEOPE4/search.json.mozlz4", (void 0)))
1625469534035	Marionette	INFO	Listening on port 45075
1625469534116	Marionette	WARN	TLS certificate errors will be ignored for this session
console.log: WebExtensions: reset-default-search: starting.
console.log: WebExtensions: reset-default-search: No addons in our list are installed.
1625470620652	Marionette	INFO	Stopped listening on port 45075

###!!! [Parent][RunMessage] Error: Channel closing: too late to send/recv, messages will be lost

1625474959111	geckodriver	INFO	Listening on 127.0.0.1:37501
1625474959118	mozrunner::runner	INFO	Running command: "/usr/bin/firefox" "--marionette" "-foreground" "-no-remote" "-profile" "/tmp/rust_mozprofileGhmtBY"
1625474960302	Marionette	INFO	Marionette enabled
[GFX1-]: Failed GL context creation for WebRender: 0
[GFX1-]: FEATURE_FAILURE_WEBRENDER_INITIALIZE_UNSPECIFIED
[GFX1-]: Failed to connect WebRenderBridgeChild.
[GFX1-]: Fallback WR to SW-WR
console.warn: SearchSettings: "get: No settings file exists, new profile?" (new NotFoundError("Could not open the file at /tmp/rust_mozprofileGhmtBY/search.json.mozlz4", (void 0)))
1625474964831	Marionette	INFO	Listening on port 45871
1625474964888	Marionette	WARN	TLS certificate errors will be ignored for this session
console.log: WebExtensions: reset-default-search: starting.
console.log: WebExtensions: reset-default-search: No addons in our list are installed.
1625486886068	Marionette	INFO	Stopped listening on port 45871

###!!! [Child][MessageChannel] Error: (msgtype=0x230030,name=PBrowser::Msg___delete__) Channel closing: too late to send/recv, messages will be lost


###!!! [Child][MessageChannel] Error: (msgtype=0x390141,name=PContent::Msg_ScriptError) Channel closing: too late to send/recv, messages will be lost


###!!! [Child][MessageChannel] Error: (msgtype=0xAC0006,name=PWebSocket::Msg_DeleteSelf) Channel closing: too late to send/recv, messages will be lost


###!!! [Child][MessageChannel] Error: (msgtype=0x390141,name=PContent::Msg_ScriptError) Channel closing: too late to send/recv, messages will be lost


###!!! [Child][MessageChannel] Error: (msgtype=0xAC0006,name=PWebSocket::Msg_DeleteSelf) Channel closing: too late to send/recv, messages will be lost


###!!! [Child][MessageChannel] Error: (msgtype=0x390141,name=PContent::Msg_ScriptError) Channel closing: too late to send/recv, messages will be lost


###!!! [Child][MessageChannel] Error: (msgtype=0xAC0006,name=PWebSocket::Msg_DeleteSelf) Channel closing: too late to send/recv, messages will be lost


###!!! [Parent][RunMessage] Error: Channel closing: too late to send/recv, messages will be lost

1625490578204	geckodriver	INFO	Listening on 127.0.0.1:53785
1625490578211	mozrunner::runner	INFO	Running command: "/usr/bin/firefox" "--marionette" "-foreground" "-no-remote" "-profile" "/tmp/rust_mozprofileHckK9f"
1625490579330	Marionette	INFO	Marionette enabled
[GFX1-]: Failed GL context creation for WebRender: 0
[GFX1-]: FEATURE_FAILURE_WEBRENDER_INITIALIZE_UNSPECIFIED
[GFX1-]: Failed to connect WebRenderBridgeChild.
[GFX1-]: Fallback WR to SW-WR
console.warn: SearchSettings: "get: No settings file exists, new profile?" (new NotFoundError("Could not open the file at /tmp/rust_mozprofileHckK9f/search.json.mozlz4", (void 0)))
1625490583850	Marionette	INFO	Listening on port 41931
1625490584012	Marionette	WARN	TLS certificate errors will be ignored for this session
console.log: WebExtensions: reset-default-search: starting.
console.log: WebExtensions: reset-default-search: No addons in our list are installed.
JavaScript error: , line 0: SyntaxError: Server is busy, please try to request a moment later
JavaScript error: , line 0: SyntaxError: Server is busy, please try to request a moment later
JavaScript error: , line 0: SyntaxError: Server is busy, please try to request a moment later
JavaScript error: , line 0: SyntaxError: Server is busy, please try to request a moment later
JavaScript error: , line 0: SyntaxError: Server is busy, please try to request a moment later
JavaScript error: , line 0: SyntaxError: Server is busy, please try to request a moment later
JavaScript error: , line 0: SyntaxError: Server is busy, please try to request a moment later
JavaScript error: , line 0: SyntaxError: Server is busy, please try to request a moment later
JavaScript error: , line 0: SyntaxError: Server is busy, please try to request a moment later
JavaScript error: , line 0: SyntaxError: Server is busy, please try to request a moment later
JavaScript error: , line 0: SyntaxError: Server is busy, please try to request a moment later
JavaScript error: , line 0: SyntaxError: Server is busy, please try to request a moment later
JavaScript error: , line 0: SyntaxError: Server is busy, please try to request a moment later
JavaScript error: , line 0: SyntaxError: Server is busy, please try to request a moment later
JavaScript error: , line 0: SyntaxError: Server is busy, please try to request a moment later
JavaScript error: , line 0: SyntaxError: Server is busy, please try to request a moment later
JavaScript error: , line 0: SyntaxError: Server is busy, please try to request a moment later
JavaScript error: , line 0: SyntaxError: Server is busy, please try to request a moment later
JavaScript error: , line 0: SyntaxError: Server is busy, please try to request a moment later
JavaScript error: , line 0: SyntaxError: Server is busy, please try to request a moment later
JavaScript error: , line 0: SyntaxError: Server is busy, please try to request a moment later
JavaScript error: , line 0: SyntaxError: Server is busy, please try to request a moment later
JavaScript error: , line 0: SyntaxError: Server is busy, please try to request a moment later
JavaScript error: , line 0: SyntaxError: Server is busy, please try to request a moment later
1625597273936	geckodriver	INFO	geckodriver 0.19.1
1625597273966	geckodriver	INFO	Listening on 127.0.0.1:60307
1625597275960	mozrunner::runner	INFO	Running command: "/usr/bin/firefox" "-marionette" "-profile" "/tmp/rust_mozprofile.7rU3DhEUXKHR"
1625597278890	Marionette	TRACE	Marionette enabled
1625597279622	Marionette	TRACE	Received observer notification toplevel-window-ready
1625597286028	Marionette	TRACE	Received observer notification marionette-startup-requested
1625597286028	Marionette	TRACE	Waiting until startup recorder finished recording startup scripts...
1625597286090	Marionette	TRACE	All scripts recorded.
1625597286091	Marionette	DEBUG	Setting recommended pref app.update.disabledForTesting to true
1625597286092	Marionette	DEBUG	Setting recommended pref browser.contentblocking.introCount to 99
1625597286094	Marionette	DEBUG	Setting recommended pref browser.tabs.remote.separatePrivilegedContentProcess to false
1625597286095	Marionette	DEBUG	Setting recommended pref browser.tabs.unloadOnLowMemory to false
1625597286095	Marionette	DEBUG	Setting recommended pref datareporting.policy.dataSubmissionPolicyAccepted to false
1625597286096	Marionette	DEBUG	Setting recommended pref dom.disable_beforeunload to true
1625597286097	Marionette	DEBUG	Setting recommended pref dom.push.connection.enabled to false
1625597286098	Marionette	DEBUG	Setting recommended pref extensions.getAddons.discovery.api_url to data:, 
1625597286099	Marionette	DEBUG	Setting recommended pref privacy.trackingprotection.enabled to false
1625597286100	Marionette	DEBUG	Setting recommended pref security.certerrors.mitm.priming.enabled to false
1625597286101	Marionette	DEBUG	Setting recommended pref toolkit.cosmeticAnimations.enabled to false
1625597286279	Marionette	INFO	Listening on port 43871
1625597286280	Marionette	DEBUG	Marionette is listening
1625597286376	Marionette	DEBUG	Accepted connection 0 from 127.0.0.1:34868
1625597286385	Marionette	DEBUG	0 -> [0,1,"newSession",{"acceptInsecureCerts":true,"browserName":"firefox","capabilities":{"desiredCapabilities":{"acceptInsecureCerts":true,"browserName":"firefox"}}}]
1625597286386	Marionette	DEBUG	0 <- [1,1,{"error":"unknown command","message":"newSession","stacktrace":"WebDriverError@chrome://marionette/content/error.js:175: ... t@chrome://marionette/content/server.js:249:9\n_onJSONObjectReady/<@chrome://marionette/content/transport.js:501:20\n"},null]
Exiting due to channel error.
Exiting due to channel error.
Exiting due to channel error.
